[debug] [2019-11-17T10:37:32.113Z] ----------------------------------------------------------------------
[debug] [2019-11-17T10:37:32.117Z] Command:       C:\Program Files\nodejs\node.exe C:\Users\Nils\AppData\Roaming\npm\node_modules\firebase-tools\lib\bin\firebase.js deploy
[debug] [2019-11-17T10:37:32.117Z] CLI Version:   7.3.2
[debug] [2019-11-17T10:37:32.117Z] Platform:      win32
[debug] [2019-11-17T10:37:32.117Z] Node Version:  v10.16.3
[debug] [2019-11-17T10:37:32.119Z] Time:          Sun Nov 17 2019 11:37:32 GMT+0100 (GMT+01:00)
[debug] [2019-11-17T10:37:32.120Z] ----------------------------------------------------------------------
[debug] 
[debug] [2019-11-17T10:37:32.130Z] > command requires scopes: ["email","openid","https://www.googleapis.com/auth/cloudplatformprojects.readonly","https://www.googleapis.com/auth/firebase","https://www.googleapis.com/auth/cloud-platform"]
[debug] [2019-11-17T10:37:32.132Z] > authorizing via signed-in user
[debug] [2019-11-17T10:37:32.133Z] [iam] checking project ng8-admin-dashboard for permissions ["firebase.projects.get","firebasehosting.sites.update"]
[debug] [2019-11-17T10:37:32.136Z] > refreshing access token with scopes: ["email","https://www.googleapis.com/auth/cloud-platform","https://www.googleapis.com/auth/cloudplatformprojects.readonly","https://www.googleapis.com/auth/firebase","openid"]
[debug] [2019-11-17T10:37:32.136Z] >>> HTTP REQUEST POST https://www.googleapis.com/oauth2/v3/token  
 <request body omitted>
[debug] [2019-11-17T10:37:32.362Z] <<< HTTP RESPONSE 200
[debug] [2019-11-17T10:37:32.379Z] >>> HTTP REQUEST POST https://cloudresourcemanager.googleapis.com/v1/projects/ng8-admin-dashboard:testIamPermissions  

[debug] [2019-11-17T10:37:32.666Z] <<< HTTP RESPONSE 200
[debug] [2019-11-17T10:37:32.673Z] >>> HTTP REQUEST GET https://firebase.googleapis.com/v1beta1/projects/ng8-admin-dashboard  
 
[debug] [2019-11-17T10:37:32.931Z] <<< HTTP RESPONSE 200
[info] 
[info] === Deploying to 'ng8-admin-dashboard'...
[info] 
[info] i  deploying hosting
[debug] [2019-11-17T10:37:32.984Z] >>> HTTP REQUEST POST https://firebasehosting.googleapis.com/v1beta1/sites/ng8-admin-dashboard/versions  

